This file contains any messages produced by compilers while
running configure, to aid debugging if configure makes a mistake.

It was created by reh configure 2.0, which was
generated by GNU Autoconf 2.71.  Invocation command line was

  $ ./configure

## --------- ##
## Platform. ##
## --------- ##

hostname = skunkpad
uname -m = x86_64
uname -r = 5.18.11-200.fc36.x86_64
uname -s = Linux
uname -v = #1 SMP PREEMPT_DYNAMIC Tue Jul 12 22:52:35 UTC 2022

/usr/bin/uname -p = x86_64
/bin/uname -X     = unknown

/bin/arch              = x86_64
/usr/bin/arch -k       = unknown
/usr/convex/getsysinfo = unknown
/usr/bin/hostinfo      = unknown
/bin/machine           = unknown
/usr/bin/oslevel       = unknown
/bin/universe          = unknown

PATH: /home/renn/.local/bin/
PATH: /home/renn/bin/
PATH: /usr/local/bin/
PATH: /usr/bin/
PATH: /bin/
PATH: /usr/local/sbin/
PATH: /usr/sbin/


## ----------- ##
## Core tests. ##
## ----------- ##

configure:2097: looking for aux files: compile missing install-sh
configure:2110:  trying ./
configure:2139:   ./compile found
configure:2139:   ./missing found
configure:2121:   ./install-sh found
configure:2268: checking for a BSD-compatible install
configure:2341: result: /usr/bin/install -c
configure:2352: checking whether build environment is sane
configure:2407: result: yes
configure:2566: checking for a race-free mkdir -p
configure:2610: result: /usr/bin/mkdir -p
configure:2617: checking for gawk
configure:2638: found /usr/bin/gawk
configure:2649: result: gawk
configure:2660: checking whether make sets $(MAKE)
configure:2683: result: yes
configure:2713: checking whether make supports nested variables
configure:2731: result: yes
configure:2929: checking for gcc
configure:2950: found /usr/bin/gcc
configure:2961: result: gcc
configure:3314: checking for C compiler version
configure:3323: gcc --version >&5
gcc (GCC) 12.1.1 20220507 (Red Hat 12.1.1-1)
Copyright (C) 2022 Free Software Foundation, Inc.
This is free software; see the source for copying conditions.  There is NO
warranty; not even for MERCHANTABILITY or FITNESS FOR A PARTICULAR PURPOSE.

configure:3334: $? = 0
configure:3323: gcc -v >&5
Using built-in specs.
COLLECT_GCC=gcc
COLLECT_LTO_WRAPPER=/usr/libexec/gcc/x86_64-redhat-linux/12/lto-wrapper
OFFLOAD_TARGET_NAMES=nvptx-none
OFFLOAD_TARGET_DEFAULT=1
Target: x86_64-redhat-linux
Configured with: ../configure --enable-bootstrap --enable-languages=c,c++,fortran,objc,obj-c++,ada,go,d,lto --prefix=/usr --mandir=/usr/share/man --infodir=/usr/share/info --with-bugurl=http://bugzilla.redhat.com/bugzilla --enable-shared --enable-threads=posix --enable-checking=release --enable-multilib --with-system-zlib --enable-__cxa_atexit --disable-libunwind-exceptions --enable-gnu-unique-object --enable-linker-build-id --with-gcc-major-version-only --enable-libstdcxx-backtrace --with-linker-hash-style=gnu --enable-plugin --enable-initfini-array --with-isl=/builddir/build/BUILD/gcc-12.1.1-20220507/obj-x86_64-redhat-linux/isl-install --enable-offload-targets=nvptx-none --without-cuda-driver --enable-offload-defaulted --enable-gnu-indirect-function --enable-cet --with-tune=generic --with-arch_32=i686 --build=x86_64-redhat-linux --with-build-config=bootstrap-lto --enable-link-serialization=1
Thread model: posix
Supported LTO compression algorithms: zlib zstd
gcc version 12.1.1 20220507 (Red Hat 12.1.1-1) (GCC) 
... rest of stderr output deleted ...
configure:3334: $? = 0
configure:3323: gcc -V >&5
gcc: error: unrecognized command-line option '-V'
gcc: fatal error: no input files
compilation terminated.
configure:3334: $? = 1
configure:3323: gcc -qversion >&5
gcc: error: unrecognized command-line option '-qversion'; did you mean '--version'?
gcc: fatal error: no input files
compilation terminated.
configure:3334: $? = 1
configure:3323: gcc -version >&5
gcc: error: unrecognized command-line option '-version'
gcc: fatal error: no input files
compilation terminated.
configure:3334: $? = 1
configure:3354: checking whether the C compiler works
configure:3376: gcc    conftest.c  >&5
configure:3380: $? = 0
configure:3430: result: yes
configure:3433: checking for C compiler default output file name
configure:3435: result: a.out
configure:3441: checking for suffix of executables
configure:3448: gcc -o conftest    conftest.c  >&5
configure:3452: $? = 0
configure:3475: result: 
configure:3497: checking whether we are cross compiling
configure:3505: gcc -o conftest    conftest.c  >&5
configure:3509: $? = 0
configure:3516: ./conftest
configure:3520: $? = 0
configure:3535: result: no
configure:3540: checking for suffix of object files
configure:3563: gcc -c   conftest.c >&5
configure:3567: $? = 0
configure:3589: result: o
configure:3593: checking whether the compiler supports GNU C
configure:3613: gcc -c   conftest.c >&5
configure:3613: $? = 0
configure:3623: result: yes
configure:3634: checking whether gcc accepts -g
configure:3655: gcc -c -g  conftest.c >&5
configure:3655: $? = 0
configure:3699: result: yes
configure:3719: checking for gcc option to enable C11 features
configure:3734: gcc  -c -g -O2  conftest.c >&5
configure:3734: $? = 0
configure:3752: result: none needed
configure:3868: checking whether gcc understands -c and -o together
configure:3891: gcc -c conftest.c -o conftest2.o
configure:3894: $? = 0
configure:3891: gcc -c conftest.c -o conftest2.o
configure:3894: $? = 0
configure:3906: result: yes
configure:3926: checking whether make supports the include directive
configure:3941: make -f confmf.GNU && cat confinc.out
this is the am__doit target
configure:3944: $? = 0
configure:3963: result: yes (GNU style)
configure:3989: checking dependency style of gcc
configure:4101: result: gcc3
configure:4255: checking that generated files are newer than configure
configure:4261: result: done
configure:4284: creating ./config.status

## ---------------------- ##
## Running config.status. ##
## ---------------------- ##

This file was extended by reh config.status 2.0, which was
generated by GNU Autoconf 2.71.  Invocation command line was

  CONFIG_FILES    = 
  CONFIG_HEADERS  = 
  CONFIG_LINKS    = 
  CONFIG_COMMANDS = 
  $ ./config.status 

on skunkpad

config.status:755: error: cannot find input file: `Makefile.in'

## ---------------- ##
## Cache variables. ##
## ---------------- ##

ac_cv_c_compiler_gnu=yes
ac_cv_env_CC_set=
ac_cv_env_CC_value=
ac_cv_env_CFLAGS_set=
ac_cv_env_CFLAGS_value=
ac_cv_env_CPPFLAGS_set=
ac_cv_env_CPPFLAGS_value=
ac_cv_env_LDFLAGS_set=
ac_cv_env_LDFLAGS_value=
ac_cv_env_LIBS_set=
ac_cv_env_LIBS_value=
ac_cv_env_build_alias_set=
ac_cv_env_build_alias_value=
ac_cv_env_host_alias_set=
ac_cv_env_host_alias_value=
ac_cv_env_target_alias_set=
ac_cv_env_target_alias_value=
ac_cv_objext=o
ac_cv_path_install='/usr/bin/install -c'
ac_cv_path_mkdir=/usr/bin/mkdir
ac_cv_prog_AWK=gawk
ac_cv_prog_ac_ct_CC=gcc
ac_cv_prog_cc_c11=
ac_cv_prog_cc_g=yes
ac_cv_prog_cc_stdc=
ac_cv_prog_make_make_set=yes
am_cv_CC_dependencies_compiler_type=gcc3
am_cv_make_support_nested_variables=yes
am_cv_prog_cc_c_o=yes

## ----------------- ##
## Output variables. ##
## ----------------- ##

ACLOCAL='${SHELL} '\''/home/renn/reh-c++/missing'\'' aclocal-1.16'
AMDEPBACKSLASH='\'
AMDEP_FALSE='#'
AMDEP_TRUE=''
AMTAR='$${TAR-tar}'
AM_BACKSLASH='\'
AM_DEFAULT_V='$(AM_DEFAULT_VERBOSITY)'
AM_DEFAULT_VERBOSITY='1'
AM_V='$(V)'
AUTOCONF='${SHELL} '\''/home/renn/reh-c++/missing'\'' autoconf'
AUTOHEADER='${SHELL} '\''/home/renn/reh-c++/missing'\'' autoheader'
AUTOMAKE='${SHELL} '\''/home/renn/reh-c++/missing'\'' automake-1.16'
AWK='gawk'
CC='gcc'
CCDEPMODE='depmode=gcc3'
CFLAGS='-g -O2'
CPPFLAGS=''
CSCOPE='cscope'
CTAGS='ctags'
CYGPATH_W='echo'
DEFS='-DPACKAGE_NAME=\"reh\" -DPACKAGE_TARNAME=\"reh\" -DPACKAGE_VERSION=\"2.0\" -DPACKAGE_STRING=\"reh\ 2.0\" -DPACKAGE_BUGREPORT=\"itst3k@protonmail.com\" -DPACKAGE_URL=\"\" -DPACKAGE=\"reh\" -DVERSION=\"2.0\"'
DEPDIR='.deps'
ECHO_C=''
ECHO_N='-n'
ECHO_T=''
ETAGS='etags'
EXEEXT=''
INSTALL_DATA='${INSTALL} -m 644'
INSTALL_PROGRAM='${INSTALL}'
INSTALL_SCRIPT='${INSTALL}'
INSTALL_STRIP_PROGRAM='$(install_sh) -c -s'
LDFLAGS=''
LIBOBJS=''
LIBS=''
LTLIBOBJS=''
MAKEINFO='${SHELL} '\''/home/renn/reh-c++/missing'\'' makeinfo'
MKDIR_P='/usr/bin/mkdir -p'
OBJEXT='o'
PACKAGE='reh'
PACKAGE_BUGREPORT='itst3k@protonmail.com'
PACKAGE_NAME='reh'
PACKAGE_STRING='reh 2.0'
PACKAGE_TARNAME='reh'
PACKAGE_URL=''
PACKAGE_VERSION='2.0'
PATH_SEPARATOR=':'
SET_MAKE=''
SHELL='/bin/sh'
STRIP=''
VERSION='2.0'
ac_ct_CC='gcc'
am__EXEEXT_FALSE=''
am__EXEEXT_TRUE='#'
am__fastdepCC_FALSE='#'
am__fastdepCC_TRUE=''
am__include='include'
am__isrc=''
am__leading_dot='.'
am__nodep='_no'
am__quote=''
am__tar='$${TAR-tar} chof - "$$tardir"'
am__untar='$${TAR-tar} xf -'
bindir='${exec_prefix}/bin'
build_alias=''
datadir='${datarootdir}'
datarootdir='${prefix}/share'
docdir='${datarootdir}/doc/${PACKAGE_TARNAME}'
dvidir='${docdir}'
exec_prefix='${prefix}'
host_alias=''
htmldir='${docdir}'
includedir='${prefix}/include'
infodir='${datarootdir}/info'
install_sh='${SHELL} /home/renn/reh-c++/install-sh'
libdir='${exec_prefix}/lib'
libexecdir='${exec_prefix}/libexec'
localedir='${datarootdir}/locale'
localstatedir='${prefix}/var'
mandir='${datarootdir}/man'
mkdir_p='$(MKDIR_P)'
oldincludedir='/usr/include'
pdfdir='${docdir}'
prefix='/usr/local'
program_transform_name='s,x,x,'
psdir='${docdir}'
runstatedir='${localstatedir}/run'
sbindir='${exec_prefix}/sbin'
sharedstatedir='${prefix}/com'
sysconfdir='${prefix}/etc'
target_alias=''

## ----------- ##
## confdefs.h. ##
## ----------- ##

/* confdefs.h */
#define PACKAGE_NAME "reh"
#define PACKAGE_TARNAME "reh"
#define PACKAGE_VERSION "2.0"
#define PACKAGE_STRING "reh 2.0"
#define PACKAGE_BUGREPORT "itst3k@protonmail.com"
#define PACKAGE_URL ""
#define PACKAGE "reh"
#define VERSION "2.0"

configure: exit 1
